[35m[Appium][39m Welcome to Appium v2.9.0
[35m[Appium][39m Non-default server args:
[35m[Appium][39m { basePath: [32m'/wd/hub'[39m, loglevel: [32m'info'[39m, port: [33m63084[39m }
[35m[Appium][39m Attempting to load driver uiautomator2...
[35m[Appium][39m Appium REST http interface listener started on http://0.0.0.0:63084/wd/hub
[35m[Appium][39m You can provide the following URLs in your client code to connect to this server:
[35m[Appium][39m 	http://192.168.56.1:63084/wd/hub
[35m[Appium][39m 	http://192.168.56.2:63084/wd/hub
[35m[Appium][39m 	http://192.168.10.42:63084/wd/hub
[35m[Appium][39m 	http://127.0.0.1:63084/wd/hub (only accessible from the same host)
[35m[Appium][39m Available drivers:
[35m[Appium][39m   - uiautomator2@2.29.10 (automationName 'UiAutomator2')
[35m[Appium][39m No plugins have been installed. Use the "appium plugin" command to install the one(s) you want to use.
[38;5;0m[HTTP][0m [37m-->[39m [37mGET[39m [37m/wd/hub/status[39m
[38;5;0m[HTTP][0m [90m{}[39m
[38;5;0m[HTTP][0m [37m<-- GET /wd/hub/status [39m[32m200[39m [90m8 ms - 110[39m
[38;5;0m[HTTP][0m [90m[39m
[38;5;0m[HTTP][0m [37m-->[39m [37mGET[39m [37m/wd/hub/status[39m
[38;5;0m[HTTP][0m [90m{}[39m
[38;5;0m[HTTP][0m [37m<-- GET /wd/hub/status [39m[32m200[39m [90m3 ms - 110[39m
[38;5;0m[HTTP][0m [90m[39m
[38;5;0m[HTTP][0m [37m-->[39m [37mPOST[39m [37m/wd/hub/session[39m
[38;5;0m[HTTP][0m [90m{"desiredCapabilities":{"appium:systemPort":8222,"appium:newCommandTimeout":1800,"appium:automationName":"uiautomator2","appium:platformVersion":"13","appium:deviceId":"SK5DMBEUOBU4LNAU","appium:udid":"192.168.56.101:5555","appium:autoGrantPermissions":true,"appium:platformName":"ANDROID","appium:property":"","appium:appActivity":".Settings","appium:deviceName":"Genymobile Galaxy S4 (Android 13)","platformName":"Android","appium:appPackage":"com.android.settings"},"capabilities":{"firstMatch":[{"appium:appActivity":".Settings","appium:appPackage":"com.android.settings","appium:autoGrantPermissions":true,"appium:automationName":"uiautomator2","appium:deviceId":"SK5DMBEUOBU4LNAU","appium:deviceName":"Genymobile Galaxy S4 (Android 13)","appium:newCommandTimeout":1800,"appium:platformName":"ANDROID","appium:platformVersion":"13","appium:property":"","appium:systemPort":8222,"appium:udid":"192.168.56.101:5555","platformName":"android"}]}}[39m
[38;5;32m[BaseDriver][0m Ignoring capability 'appium:platformName=ANDROID' and using capability 'platformName=android'
[38;5;32m[BaseDriver][0m The capabilities ["platformName"] are standard capabilities and do not require "appium:" prefix
[35m[Appium][39m Attempting to find matching driver for automationName 'uiautomator2' and platformName 'android'
[35m[Appium][39m The 'uiautomator2' driver was installed and matched caps.
[35m[Appium][39m Will require it at C:\Users\1556\.appium\node_modules\appium-uiautomator2-driver
[38;5;16m[AppiumDriver@7356][0m Appium v2.9.0 creating new AndroidUiautomator2Driver (v2.29.10) session
[38;5;16m[AppiumDriver@7356][0m Checking BaseDriver versions for Appium and AndroidUiautomator2Driver
[38;5;16m[AppiumDriver@7356][0m Appium's BaseDriver version is 9.9.0
[38;5;16m[AppiumDriver@7356][0m AndroidUiautomator2Driver's BaseDriver version is 9.9.0
[38;5;48m[AndroidUiautomator2Driver@2a60][0m The following provided capabilities were not recognized by this driver:
[38;5;48m[AndroidUiautomator2Driver@2a60][0m   deviceId
[38;5;48m[AndroidUiautomator2Driver@2a60][0m   deviceName
[38;5;48m[AndroidUiautomator2Driver@2a60][0m   property
[38;5;48m[AndroidUiautomator2Driver@2a60 (a686e12f)][0m Session created with session id: a686e12f-6a4a-4339-ad2f-9622502580dc
[38;5;48m[AndroidUiautomator2Driver@2a60 (a686e12f)][0m Starting 'com.android.settings' directly on the device
[38;5;64m[ADB][0m Found 32 'build-tools' folders under 'C:\Users\1556\AppData\Local\Android\android-sdk' (newest first):
[38;5;64m[ADB][0m     C:\Users\1556\AppData\Local\Android\android-sdk\build-tools\34.0.0
[38;5;64m[ADB][0m     C:\Users\1556\AppData\Local\Android\android-sdk\build-tools\29.0.3
[38;5;64m[ADB][0m     C:\Users\1556\AppData\Local\Android\android-sdk\build-tools\29.0.2
[38;5;64m[ADB][0m     C:\Users\1556\AppData\Local\Android\android-sdk\build-tools\29.0.1
[38;5;64m[ADB][0m     C:\Users\1556\AppData\Local\Android\android-sdk\build-tools\29.0.0
[38;5;64m[ADB][0m     C:\Users\1556\AppData\Local\Android\android-sdk\build-tools\28.0.3
[38;5;64m[ADB][0m     C:\Users\1556\AppData\Local\Android\android-sdk\build-tools\28.0.2
[38;5;64m[ADB][0m     C:\Users\1556\AppData\Local\Android\android-sdk\build-tools\28.0.1
[38;5;64m[ADB][0m     C:\Users\1556\AppData\Local\Android\android-sdk\build-tools\28.0.0
[38;5;64m[ADB][0m     C:\Users\1556\AppData\Local\Android\android-sdk\build-tools\27.0.3
[38;5;64m[ADB][0m     C:\Users\1556\AppData\Local\Android\android-sdk\build-tools\27.0.2
[38;5;64m[ADB][0m     C:\Users\1556\AppData\Local\Android\android-sdk\build-tools\27.0.1
[38;5;64m[ADB][0m     C:\Users\1556\AppData\Local\Android\android-sdk\build-tools\27.0.0
[38;5;64m[ADB][0m     C:\Users\1556\AppData\Local\Android\android-sdk\build-tools\26.0.3
[38;5;64m[ADB][0m     C:\Users\1556\AppData\Local\Android\android-sdk\build-tools\26.0.2
[38;5;64m[ADB][0m     C:\Users\1556\AppData\Local\Android\android-sdk\build-tools\26.0.1
[38;5;64m[ADB][0m     C:\Users\1556\AppData\Local\Android\android-sdk\build-tools\26.0.0
[38;5;64m[ADB][0m     C:\Users\1556\AppData\Local\Android\android-sdk\build-tools\25.0.3
[38;5;64m[ADB][0m     C:\Users\1556\AppData\Local\Android\android-sdk\build-tools\25.0.2
[38;5;64m[ADB][0m     C:\Users\1556\AppData\Local\Android\android-sdk\build-tools\25.0.1
[38;5;64m[ADB][0m     C:\Users\1556\AppData\Local\Android\android-sdk\build-tools\25.0.0
[38;5;64m[ADB][0m     C:\Users\1556\AppData\Local\Android\android-sdk\build-tools\24.0.3
[38;5;64m[ADB][0m     C:\Users\1556\AppData\Local\Android\android-sdk\build-tools\24.0.2
[38;5;64m[ADB][0m     C:\Users\1556\AppData\Local\Android\android-sdk\build-tools\24.0.1
[38;5;64m[ADB][0m     C:\Users\1556\AppData\Local\Android\android-sdk\build-tools\24.0.0
[38;5;64m[ADB][0m     C:\Users\1556\AppData\Local\Android\android-sdk\build-tools\23.0.3
[38;5;64m[ADB][0m     C:\Users\1556\AppData\Local\Android\android-sdk\build-tools\23.0.2
[38;5;64m[ADB][0m     C:\Users\1556\AppData\Local\Android\android-sdk\build-tools\23.0.1
[38;5;64m[ADB][0m     C:\Users\1556\AppData\Local\Android\android-sdk\build-tools\22.0.1
[38;5;64m[ADB][0m     C:\Users\1556\AppData\Local\Android\android-sdk\build-tools\21.1.2
[38;5;64m[ADB][0m     C:\Users\1556\AppData\Local\Android\android-sdk\build-tools\20.0.0
[38;5;64m[ADB][0m     C:\Users\1556\AppData\Local\Android\android-sdk\build-tools\19.1.0
[38;5;64m[ADB][0m Using 'adb.exe' from 'C:\Users\1556\AppData\Local\Android\android-sdk\platform-tools\adb.exe'
[38;5;80m[AndroidDriver][0m Retrieving device list
[38;5;80m[AndroidDriver][0m Using device: 192.168.56.101:5555
[38;5;64m[ADB][0m Using 'adb.exe' from 'C:\Users\1556\AppData\Local\Android\android-sdk\platform-tools\adb.exe'
[38;5;64m[ADB][0m Getting device platform version
[38;5;48m[AndroidUiautomator2Driver@2a60 (a686e12f)][0m Relaxing hidden api policy
[38;5;80m[AndroidDriver][0m No app sent in, not parsing package/activity
[38;5;64m[ADB][0m The application at 'C:\Users\1556\.appium\node_modules\appium-uiautomator2-driver\node_modules\io.appium.settings\apks\settings_apk-debug.apk' will not be cached, because the device under test has confirmed the support of streamed installs
[38;5;64m[ADB][0m The installation of 'settings_apk-debug.apk' took 16862ms
[38;5;64m[ADB][0m Using 'apksigner.jar' from 'C:\Users\1556\AppData\Local\Android\android-sdk\build-tools\34.0.0\lib\apksigner.jar'
[38;5;64m[ADB][0m 'C:\Users\1556\.appium\node_modules\appium-uiautomator2-driver\node_modules\appium-uiautomator2-server\apks\appium-uiautomator2-server-debug-androidTest.apk' is signed with the default certificate
[38;5;64m[ADB][0m 'C:\Users\1556\.appium\node_modules\appium-uiautomator2-driver\node_modules\appium-uiautomator2-server\apks\appium-uiautomator2-server-v5.12.6.apk' is signed with the default certificate
[38;5;48m[AndroidUiautomator2Driver@2a60 (a686e12f)][0m Server packages are going to be (re)installed
[38;5;64m[ADB][0m The application at 'C:\Users\1556\.appium\node_modules\appium-uiautomator2-driver\node_modules\appium-uiautomator2-server\apks\appium-uiautomator2-server-v5.12.6.apk' will not be cached, because the device under test has confirmed the support of streamed installs
[38;5;64m[ADB][0m The application at 'C:\Users\1556\.appium\node_modules\appium-uiautomator2-driver\node_modules\appium-uiautomator2-server\apks\appium-uiautomator2-server-debug-androidTest.apk' will not be cached, because the device under test has confirmed the support of streamed installs
[38;5;64m[ADB][0m The installation of 'appium-uiautomator2-server-debug-androidTest.apk' took 13814ms
[38;5;64m[ADB][0m The installation of 'appium-uiautomator2-server-v5.12.6.apk' took 17410ms
[38;5;64m[ADB][0m Adding packages ["io.appium.settings","io.appium.uiautomator2.server","io.appium.uiautomator2.server.test"] to Doze whitelist
[38;5;48m[AndroidUiautomator2Driver@2a60 (a686e12f)][0m Starting UIAutomator2 server 5.12.6
[38;5;48m[AndroidUiautomator2Driver@2a60 (a686e12f)][0m Using UIAutomator2 server from 'C:\Users\1556\.appium\node_modules\appium-uiautomator2-driver\node_modules\appium-uiautomator2-server\apks\appium-uiautomator2-server-v5.12.6.apk' and test from 'C:\Users\1556\.appium\node_modules\appium-uiautomator2-driver\node_modules\appium-uiautomator2-server\apks\appium-uiautomator2-server-debug-androidTest.apk'
[38;5;48m[AndroidUiautomator2Driver@2a60 (a686e12f)][0m Waiting up to 30000ms for UiAutomator2 to be online...
[38;5;48m[AndroidUiautomator2Driver@2a60 (a686e12f)][0m socket hang up
[38;5;48m[AndroidUiautomator2Driver@2a60 (a686e12f)][0m socket hang up
[38;5;48m[AndroidUiautomator2Driver@2a60 (a686e12f)][0m socket hang up
[38;5;48m[AndroidUiautomator2Driver@2a60 (a686e12f)][0m socket hang up
[38;5;48m[AndroidUiautomator2Driver@2a60 (a686e12f)][0m socket hang up
[38;5;48m[AndroidUiautomator2Driver@2a60 (a686e12f)][0m socket hang up
[38;5;48m[AndroidUiautomator2Driver@2a60 (a686e12f)][0m socket hang up
[38;5;48m[AndroidUiautomator2Driver@2a60 (a686e12f)][0m socket hang up
[38;5;48m[AndroidUiautomator2Driver@2a60 (a686e12f)][0m socket hang up
[38;5;48m[AndroidUiautomator2Driver@2a60 (a686e12f)][0m socket hang up
[38;5;48m[AndroidUiautomator2Driver@2a60 (a686e12f)][0m socket hang up
[38;5;48m[AndroidUiautomator2Driver@2a60 (a686e12f)][0m socket hang up
[38;5;48m[AndroidUiautomator2Driver@2a60 (a686e12f)][0m socket hang up
[38;5;48m[AndroidUiautomator2Driver@2a60 (a686e12f)][0m socket hang up
[38;5;48m[AndroidUiautomator2Driver@2a60 (a686e12f)][0m socket hang up
[38;5;48m[AndroidUiautomator2Driver@2a60 (a686e12f)][0m socket hang up
[38;5;48m[AndroidUiautomator2Driver@2a60 (a686e12f)][0m socket hang up
[38;5;48m[AndroidUiautomator2Driver@2a60 (a686e12f)][0m socket hang up
[38;5;48m[AndroidUiautomator2Driver@2a60 (a686e12f)][0m socket hang up
[38;5;48m[AndroidUiautomator2Driver@2a60 (a686e12f)][0m socket hang up
[38;5;48m[AndroidUiautomator2Driver@2a60 (a686e12f)][0m socket hang up
[38;5;48m[AndroidUiautomator2Driver@2a60 (a686e12f)][0m socket hang up
[38;5;48m[AndroidUiautomator2Driver@2a60 (a686e12f)][0m Determined the downstream protocol as 'W3C'
[38;5;80m[AndroidDriver][0m Screen already unlocked, doing nothing
[38;5;48m[AndroidUiautomator2Driver@2a60 (a686e12f)][0m Starting 'com.android.settings/.Settings and waiting for 'com.android.settings/.Settings'
[38;5;16m[AppiumDriver@7356][0m New AndroidUiautomator2Driver session created successfully, session a686e12f-6a4a-4339-ad2f-9622502580dc added to master session list
[38;5;0m[HTTP][0m [37m<-- POST /wd/hub/session [39m[32m200[39m [90m90393 ms - 1209[39m
[38;5;0m[HTTP][0m [90m[39m
[38;5;0m[HTTP][0m [37m-->[39m [37mGET[39m [37m/wd/hub/session/a686e12f-6a4a-4339-ad2f-9622502580dc[39m
[38;5;0m[HTTP][0m [90m{}[39m
[38;5;0m[HTTP][0m [37m<-- GET /wd/hub/session/a686e12f-6a4a-4339-ad2f-9622502580dc [39m[32m200[39m [90m257 ms - 1163[39m
[38;5;0m[HTTP][0m [90m[39m
[38;5;0m[HTTP][0m [37m-->[39m [37mGET[39m [37m/wd/hub/session/a686e12f-6a4a-4339-ad2f-9622502580dc[39m
[38;5;0m[HTTP][0m [90m{}[39m
[38;5;0m[HTTP][0m [37m<-- GET /wd/hub/session/a686e12f-6a4a-4339-ad2f-9622502580dc [39m[32m200[39m [90m34 ms - 1163[39m
[38;5;0m[HTTP][0m [90m[39m
[38;5;0m[HTTP][0m [37m-->[39m [37mGET[39m [37m/wd/hub/status[39m
[38;5;0m[HTTP][0m [90m{}[39m
[38;5;0m[HTTP][0m [37m<-- GET /wd/hub/status [39m[32m200[39m [90m2 ms - 110[39m
[38;5;0m[HTTP][0m [90m[39m
[38;5;0m[HTTP][0m [37m-->[39m [37mPOST[39m [37m/wd/hub/session/a686e12f-6a4a-4339-ad2f-9622502580dc/timeouts[39m
[38;5;0m[HTTP][0m [90m{"implicit":60000}[39m
[38;5;0m[HTTP][0m [37m<-- POST /wd/hub/session/a686e12f-6a4a-4339-ad2f-9622502580dc/timeouts [39m[32m200[39m [90m5 ms - 14[39m
[38;5;0m[HTTP][0m [90m[39m
[38;5;0m[HTTP][0m [37m-->[39m [37mGET[39m [37m/wd/hub/session/a686e12f-6a4a-4339-ad2f-9622502580dc/appium/device/system_bars[39m
[38;5;0m[HTTP][0m [90m{}[39m
[38;5;0m[HTTP][0m [37m<-- GET /wd/hub/session/a686e12f-6a4a-4339-ad2f-9622502580dc/appium/device/system_bars [39m[32m200[39m [90m442 ms - 151[39m
[38;5;0m[HTTP][0m [90m[39m
[38;5;0m[HTTP][0m [37m-->[39m [37mPOST[39m [37m/wd/hub/session/a686e12f-6a4a-4339-ad2f-9622502580dc/appium/device/activate_app[39m
[38;5;0m[HTTP][0m [90m{"bundleId":"id.indocyber.kaf.mma"}[39m
[38;5;0m[HTTP][0m [37m<-- POST /wd/hub/session/a686e12f-6a4a-4339-ad2f-9622502580dc/appium/device/activate_app [39m[32m200[39m [90m525 ms - 14[39m
[38;5;0m[HTTP][0m [90m[39m
[38;5;0m[HTTP][0m [37m-->[39m [37mGET[39m [37m/wd/hub/session/a686e12f-6a4a-4339-ad2f-9622502580dc/source[39m
[38;5;0m[HTTP][0m [90m{}[39m
[38;5;48m[AndroidUiautomator2Driver@2a60 (a686e12f)][0m Driver proxy active, passing request on via HTTP proxy
[38;5;48m[AndroidUiautomator2Driver@2a60 (a686e12f)][0m Replacing sessionId af7e4eb4-a796-400c-a2b4-dbb7c5e2f4fb with a686e12f-6a4a-4339-ad2f-9622502580dc
[38;5;0m[HTTP][0m [37m<-- GET /wd/hub/session/a686e12f-6a4a-4339-ad2f-9622502580dc/source [39m[32m200[39m [90m791 ms - 5391[39m
[38;5;0m[HTTP][0m [90m[39m
[38;5;0m[HTTP][0m [37m-->[39m [37mGET[39m [37m/wd/hub/session/a686e12f-6a4a-4339-ad2f-9622502580dc/screenshot[39m
[38;5;0m[HTTP][0m [90m{}[39m
[38;5;0m[HTTP][0m [37m<-- GET /wd/hub/session/a686e12f-6a4a-4339-ad2f-9622502580dc/screenshot [39m[32m200[39m [90m6482 ms - 61884[39m
[38;5;0m[HTTP][0m [90m[39m
[38;5;0m[HTTP][0m [37m-->[39m [37mDELETE[39m [37m/wd/hub/session/a686e12f-6a4a-4339-ad2f-9622502580dc[39m
[38;5;0m[HTTP][0m [90m{}[39m
[38;5;16m[AppiumDriver@7356][0m Removing session a686e12f-6a4a-4339-ad2f-9622502580dc from our master session list
[38;5;0m[HTTP][0m [37m-->[39m [37mDELETE[39m [37m/wd/hub/session/a686e12f-6a4a-4339-ad2f-9622502580dc[39m
[38;5;0m[HTTP][0m [90m{}[39m
[38;5;0m[HTTP][0m [37m<-- DELETE /wd/hub/session/a686e12f-6a4a-4339-ad2f-9622502580dc [39m[33m404[39m [90m18 ms - 3068[39m
[38;5;0m[HTTP][0m [90m[39m
[38;5;48m[AndroidUiautomator2Driver@2a60 (a686e12f)][0m Unable to force stop app: Error executing adbExec. Original error: 'Command 'C:\\Users\\1556\\AppData\\Local\\Android\\android-sdk\\platform-tools\\adb.exe -P 5037 -s 192.168.56.101\:5555 shell am force-stop com.android.settings' exited with code 255'; Command output: <empty>
[38;5;64m[ADB][0m Error sending command, reconnecting device and retrying: forward,--remove,tcp:8222
[38;5;48m[AndroidUiautomator2Driver@2a60 (a686e12f)][0m Unable to remove system port forward: Could not find a connected Android device in 20000ms
[38;5;48m[AndroidUiautomator2Driver@2a60 (a686e12f)][0m Restoring hidden api policy to the device default configuration
[38;5;0m[HTTP][0m [37m<-- DELETE /wd/hub/session/a686e12f-6a4a-4339-ad2f-9622502580dc [39m[31m500[39m [90m26038 ms - 1398[39m
[38;5;0m[HTTP][0m [90m[39m
[38;5;48m[AndroidUiautomator2Driver@2a60 (a686e12f)][0m Shutting down because we waited 1800 seconds for a command
[38;5;16m[AppiumDriver@7356][0m Ending session, cause was 'New Command Timeout of 1800 seconds expired. Try customizing the timeout using the 'newCommandTimeout' desired capability'
[38;5;16m[AppiumDriver@7356][0m Removing session 'a686e12f-6a4a-4339-ad2f-9622502580dc' from our master session list
[38;5;48m[AndroidUiautomator2Driver@2a60 (a686e12f)][0m Unable to force stop app: Error executing adbExec. Original error: 'Command 'C:\\Users\\1556\\AppData\\Local\\Android\\android-sdk\\platform-tools\\adb.exe -P 5037 -s 192.168.56.101\:5555 shell am force-stop com.android.settings' exited with code 1'; Command output: adb.exe: device '192.168.56.101:5555' not found
[38;5;48m[AndroidUiautomator2Driver@2a60 (a686e12f)][0m 
[38;5;64m[ADB][0m Error sending command, reconnecting device and retrying: forward,--remove,tcp:8222
[38;5;48m[AndroidUiautomator2Driver@2a60 (a686e12f)][0m Unable to remove system port forward: Error executing adbExec. Original error: 'Command 'C:\\Users\\1556\\AppData\\Local\\Android\\android-sdk\\platform-tools\\adb.exe -P 5037 -s 192.168.56.101\:5555 forward --remove tcp\:8222' exited with code 1'; Command output: adb.exe: error: device '192.168.56.101:5555' not found
[38;5;48m[AndroidUiautomator2Driver@2a60 (a686e12f)][0m 
[38;5;48m[AndroidUiautomator2Driver@2a60 (a686e12f)][0m Restoring hidden api policy to the device default configuration
